# JRE version: Java(TM) SE Runtime Environment 18.9 (11.0.23+7) (build 11.0.23+7-LTS-222)
# Java VM: Java HotSpot(TM) 64-Bit Server VM 18.9 (11.0.23+7-LTS-222, mixed mode, tiered, compressed oops, g1 gc, windows-amd64)
Heap:
 garbage-first heap   total 131072K, used 11911K [0x0000000081200000, 0x0000000100000000)
  region size 1024K, 9 young (9216K), 3 survivors (3072K)
 Metaspace       used 22196K, capacity 23005K, committed 23040K, reserved 1069056K
  class space    used 2440K, capacity 2816K, committed 2816K, reserved 1048576K
GC Heap History (8 events):
Event: 0.778 GC heap before
{Heap before GC invocations=0 (full 0):
 garbage-first heap   total 131072K, used 7168K [0x0000000081200000, 0x0000000100000000)
  region size 1024K, 7 young (7168K), 0 survivors (0K)
 Metaspace       used 7290K, capacity 7385K, committed 7680K, reserved 1056768K
  class space    used 647K, capacity 673K, committed 768K, reserved 1048576K
}
Event: 0.786 GC heap after
{Heap after GC invocations=1 (full 0):
 garbage-first heap   total 131072K, used 2508K [0x0000000081200000, 0x0000000100000000)
  region size 1024K, 1 young (1024K), 1 survivors (1024K)
 Metaspace       used 7290K, capacity 7385K, committed 7680K, reserved 1056768K
  class space    used 647K, capacity 673K, committed 768K, reserved 1048576K
}
Event: 1.842 GC heap before
{Heap before GC invocations=1 (full 0):
 garbage-first heap   total 131072K, used 7628K [0x0000000081200000, 0x0000000100000000)
  region size 1024K, 6 young (6144K), 1 survivors (1024K)
 Metaspace       used 12027K, capacity 12253K, committed 12544K, reserved 1060864K
  class space    used 1137K, capacity 1211K, committed 1280K, reserved 1048576K
}
Event: 1.847 GC heap after
{Heap after GC invocations=2 (full 0):
 garbage-first heap   total 131072K, used 4192K [0x0000000081200000, 0x0000000100000000)
  region size 1024K, 1 young (1024K), 1 survivors (1024K)
 Metaspace       used 12027K, capacity 12253K, committed 12544K, reserved 1060864K
  class space    used 1137K, capacity 1211K, committed 1280K, reserved 1048576K
}
Event: 2.382 GC heap before
{Heap before GC invocations=2 (full 0):
 garbage-first heap   total 131072K, used 13408K [0x0000000081200000, 0x0000000100000000)
  region size 1024K, 11 young (11264K), 1 survivors (1024K)
 Metaspace       used 15051K, capacity 15420K, committed 15488K, reserved 1062912K
  class space    used 1515K, capacity 1663K, committed 1664K, reserved 1048576K
}
Event: 2.386 GC heap after
{Heap after GC invocations=3 (full 0):
 garbage-first heap   total 131072K, used 4811K [0x0000000081200000, 0x0000000100000000)
  region size 1024K, 2 young (2048K), 2 survivors (2048K)
 Metaspace       used 15051K, capacity 15420K, committed 15488K, reserved 1062912K
  class space    used 1515K, capacity 1663K, committed 1664K, reserved 1048576K
}
Event: 4.587 GC heap before
{Heap before GC invocations=3 (full 0):
 garbage-first heap   total 131072K, used 18123K [0x0000000081200000, 0x0000000100000000)
  region size 1024K, 16 young (16384K), 2 survivors (2048K)
 Metaspace       used 20511K, capacity 21138K, committed 21248K, reserved 1069056K
  class space    used 2198K, capacity 2462K, committed 2560K, reserved 1048576K
}
Event: 4.603 GC heap after
{Heap after GC invocations=4 (full 0):
 garbage-first heap   total 131072K, used 6791K [0x0000000081200000, 0x0000000100000000)
  region size 1024K, 3 young (3072K), 3 survivors (3072K)
 Metaspace       used 20511K, capacity 21138K, committed 21248K, reserved 1069056K
  class space    used 2198K, capacity 2462K, committed 2560K, reserved 1048576K
}

