# JRE version: Java(TM) SE Runtime Environment 18.9 (11.0.23+7) (build 11.0.23+7-LTS-222)
# Java VM: Java HotSpot(TM) 64-Bit Server VM 18.9 (11.0.23+7-LTS-222, mixed mode, tiered, compressed oops, g1 gc, windows-amd64)
Heap:
 garbage-first heap   total 131072K, used 12025K [0x0000000081200000, 0x0000000100000000)
  region size 1024K, 9 young (9216K), 3 survivors (3072K)
 Metaspace       used 22317K, capacity 23158K, committed 23296K, reserved 1071104K
  class space    used 2457K, capacity 2802K, committed 2816K, reserved 1048576K
GC Heap History (8 events):
Event: 0.709 GC heap before
{Heap before GC invocations=0 (full 0):
 garbage-first heap   total 131072K, used 6144K [0x0000000081200000, 0x0000000100000000)
  region size 1024K, 7 young (7168K), 0 survivors (0K)
 Metaspace       used 7285K, capacity 7385K, committed 7680K, reserved 1056768K
  class space    used 648K, capacity 673K, committed 768K, reserved 1048576K
}
Event: 0.714 GC heap after
{Heap after GC invocations=1 (full 0):
 garbage-first heap   total 131072K, used 2614K [0x0000000081200000, 0x0000000100000000)
  region size 1024K, 1 young (1024K), 1 survivors (1024K)
 Metaspace       used 7285K, capacity 7385K, committed 7680K, reserved 1056768K
  class space    used 648K, capacity 673K, committed 768K, reserved 1048576K
}
Event: 1.281 GC heap before
{Heap before GC invocations=1 (full 0):
 garbage-first heap   total 131072K, used 7734K [0x0000000081200000, 0x0000000100000000)
  region size 1024K, 6 young (6144K), 1 survivors (1024K)
 Metaspace       used 11872K, capacity 12086K, committed 12288K, reserved 1060864K
  class space    used 1119K, capacity 1176K, committed 1280K, reserved 1048576K
}
Event: 1.287 GC heap after
{Heap after GC invocations=2 (full 0):
 garbage-first heap   total 131072K, used 4185K [0x0000000081200000, 0x0000000100000000)
  region size 1024K, 1 young (1024K), 1 survivors (1024K)
 Metaspace       used 11872K, capacity 12086K, committed 12288K, reserved 1060864K
  class space    used 1119K, capacity 1176K, committed 1280K, reserved 1048576K
}
Event: 3.109 GC heap before
{Heap before GC invocations=2 (full 0):
 garbage-first heap   total 131072K, used 16473K [0x0000000081200000, 0x0000000100000000)
  region size 1024K, 13 young (13312K), 1 survivors (1024K)
 Metaspace       used 15483K, capacity 15911K, committed 16128K, reserved 1062912K
  class space    used 1583K, capacity 1708K, committed 1792K, reserved 1048576K
}
Event: 3.114 GC heap after
{Heap after GC invocations=3 (full 0):
 garbage-first heap   total 131072K, used 4946K [0x0000000081200000, 0x0000000100000000)
  region size 1024K, 2 young (2048K), 2 survivors (2048K)
 Metaspace       used 15483K, capacity 15911K, committed 16128K, reserved 1062912K
  class space    used 1583K, capacity 1708K, committed 1792K, reserved 1048576K
}
Event: 3.945 GC heap before
{Heap before GC invocations=3 (full 0):
 garbage-first heap   total 131072K, used 16210K [0x0000000081200000, 0x0000000100000000)
  region size 1024K, 14 young (14336K), 2 survivors (2048K)
 Metaspace       used 20528K, capacity 21103K, committed 21248K, reserved 1069056K
  class space    used 2202K, capacity 2448K, committed 2560K, reserved 1048576K
}
Event: 3.955 GC heap after
{Heap after GC invocations=4 (full 0):
 garbage-first heap   total 131072K, used 6905K [0x0000000081200000, 0x0000000100000000)
  region size 1024K, 3 young (3072K), 3 survivors (3072K)
 Metaspace       used 20528K, capacity 21103K, committed 21248K, reserved 1069056K
  class space    used 2202K, capacity 2448K, committed 2560K, reserved 1048576K
}

